<?xml version="1.0" encoding="UTF-8"?>
<testsuite name="Test" tests="4" skipped="0" failures="0" errors="0" timestamp="2023-03-19T13:44:53" hostname="DESKTOP-BCU1QI7" time="0.007">
  <properties/>
  <testcase name="testClassStructure" classname="Test" time="0.004"/>
  <testcase name="testWorkingOfLine" classname="Test" time="0.002"/>
  <testcase name="testWorkingOfSquare" classname="Test" time="0.0"/>
  <testcase name="testWorkingOfPoint" classname="Test" time="0.0"/>
  <system-out><![CDATA[]]></system-out>
  <system-err><![CDATA[]]></system-err>
</testsuite>
