<?xml version="1.0" encoding="UTF-8"?>
<testsuite name="TestGenericFunctions" tests="1" skipped="0" failures="0" errors="0" timestamp="2023-03-19T19:40:41" hostname="DESKTOP-BCU1QI7" time="0.003">
  <properties/>
  <testcase name="testPartitionWordsAndLines" classname="TestGenericFunctions" time="0.003"/>
  <system-out><![CDATA[]]></system-out>
  <system-err><![CDATA[]]></system-err>
</testsuite>
