<?xml version="1.0" encoding="UTF-8"?>
<testsuite name="Test" tests="1" skipped="0" failures="0" errors="0" timestamp="2023-03-19T19:23:13" hostname="DESKTOP-BCU1QI7" time="0.024">
  <properties/>
  <testcase name="testSolution" classname="Test" time="0.024"/>
  <system-out><![CDATA[]]></system-out>
  <system-err><![CDATA[]]></system-err>
</testsuite>
