<?xml version="1.0" encoding="UTF-8"?>
<testsuite name="Test" tests="1" skipped="0" failures="0" errors="0" timestamp="2023-03-20T09:11:03" hostname="DESKTOP-BCU1QI7" time="0.44">
  <properties/>
  <testcase name="testSolution" classname="Test" time="0.44"/>
  <system-out><![CDATA[Dog Fikkie is trained
]]></system-out>
  <system-err><![CDATA[]]></system-err>
</testsuite>
