<?xml version="1.0" encoding="UTF-8"?>
<testsuite name="Test" tests="2" skipped="0" failures="0" errors="0" timestamp="2023-03-20T07:30:02" hostname="DESKTOP-BCU1QI7" time="0.299">
  <properties/>
  <testcase name="testSolution" classname="Test" time="0.298"/>
  <testcase name="testClass" classname="Test" time="0.0"/>
  <system-out><![CDATA[]]></system-out>
  <system-err><![CDATA[]]></system-err>
</testsuite>
