<?xml version="1.0" encoding="UTF-8"?>
<testsuite name="TestNullableTypes" tests="4" skipped="0" failures="0" errors="0" timestamp="2023-03-19T15:15:18" hostname="DESKTOP-BCU1QI7" time="0.004">
  <properties/>
  <testcase name="everythingIsOk" classname="TestNullableTypes" time="0.003"/>
  <testcase name="noData" classname="TestNullableTypes" time="0.0"/>
  <testcase name="noPerson" classname="TestNullableTypes" time="0.0"/>
  <testcase name="noPersonalInfo" classname="TestNullableTypes" time="0.0"/>
  <system-out><![CDATA[]]></system-out>
  <system-err><![CDATA[]]></system-err>
</testsuite>
