<?xml version="1.0" encoding="UTF-8"?>
<testsuite name="Test" tests="1" skipped="0" failures="0" errors="0" timestamp="2023-03-19T13:25:35" hostname="DESKTOP-BCU1QI7" time="0.005">
  <properties/>
  <testcase name="testSolution" classname="Test" time="0.005"/>
  <system-out><![CDATA["Name" : Rainbow Dash
"Color" : blue]]></system-out>
  <system-err><![CDATA[]]></system-err>
</testsuite>
