<?xml version="1.0" encoding="UTF-8"?>
<testsuite name="Test" tests="1" skipped="0" failures="0" errors="0" timestamp="2023-03-19T13:18:07" hostname="DESKTOP-BCU1QI7" time="0.011">
  <properties/>
  <testcase name="testSolution" classname="Test" time="0.011"/>
  <system-out><![CDATA[This is task number: 1
This is task number: 2
This is task number: 3
This is task number: 4
This is task number: 5
This is task number: 6
]]></system-out>
  <system-err><![CDATA[]]></system-err>
</testsuite>
