<?xml version="1.0" encoding="UTF-8"?>
<testsuite name="Test" tests="2" skipped="0" failures="0" errors="0" timestamp="2023-03-20T08:02:36" hostname="DESKTOP-BCU1QI7" time="0.427">
  <properties/>
  <testcase name="structure is as expected" classname="Test" time="0.402"/>
  <testcase name="plumbuses are created properly" classname="Test" time="0.025"/>
  <system-out><![CDATA[]]></system-out>
  <system-err><![CDATA[]]></system-err>
</testsuite>
